<?xml version="1.0" encoding="UTF-8"?>
<!-- Generated by org.testng.reporters.JUnitXMLReporter -->
<testsuite hostname="LUK-7S0G5H2" name="Chrome" tests="1" failures="1" timestamp="7 Mar 2018 17:24:15 GMT" time="42.547" errors="0">
  <testcase name="feature" time="42.199" classname="com.Navision.classrunner.TestRun">
    <failure type="cucumber.runtime.CucumberException" message="java.lang.NullPointerException">
      <![CDATA[cucumber.runtime.CucumberException: java.lang.NullPointerException
	at cucumber.api.testng.TestNGCucumberRunner.runCucumber(TestNGCucumberRunner.java:69)
	at cucumber.api.testng.AbstractTestNGCucumberTests.feature(AbstractTestNGCucumberTests.java:21)
	at java.util.concurrent.FutureTask.run(FutureTask.java:266)
	at java.util.concurrent.ThreadPoolExecutor.runWorker(ThreadPoolExecutor.java:1149)
	at java.util.concurrent.ThreadPoolExecutor$Worker.run(ThreadPoolExecutor.java:624)
	at java.lang.Thread.run(Thread.java:748)
Caused by: java.lang.NullPointerException
	at com.Navision.stepDefinitions.NavisionStepDefinitions.user_navigate_to_the_URL_https_talent_capgemini_com_uk(NavisionStepDefinitions.java:31)
	at âœ½.Given user navigate to the URL https://talent.capgemini.com/uk(Navision.feature:23)
... Removed 16 stack frames]]>
    </failure>
  </testcase> <!-- feature -->
</testsuite> <!-- Chrome -->
